Determining if the CL_VERSION_2_0 exist failed with the following output:
Change Dir: /Users/z042690/workspace/compute/CMakeFiles/CMakeTmp

Run Build Command:"/usr/bin/make" "cmTC_919c7/fast"
/Applications/Xcode.app/Contents/Developer/usr/bin/make -f CMakeFiles/cmTC_919c7.dir/build.make CMakeFiles/cmTC_919c7.dir/build
Building C object CMakeFiles/cmTC_919c7.dir/CheckSymbolExists.c.o
/Applications/Xcode.app/Contents/Developer/Toolchains/XcodeDefault.xctoolchain/usr/bin/cc     -o CMakeFiles/cmTC_919c7.dir/CheckSymbolExists.c.o   -c /Users/z042690/workspace/compute/CMakeFiles/CMakeTmp/CheckSymbolExists.c
/Users/z042690/workspace/compute/CMakeFiles/CMakeTmp/CheckSymbolExists.c:2:10: fatal error: '/System/Library/Frameworks/OpenCL.framework/OpenCL/cl.h' file not found
#include </System/Library/Frameworks/OpenCL.framework/OpenCL/cl.h>
         ^
1 error generated.
make[1]: *** [CMakeFiles/cmTC_919c7.dir/CheckSymbolExists.c.o] Error 1
make: *** [cmTC_919c7/fast] Error 2

File /Users/z042690/workspace/compute/CMakeFiles/CMakeTmp/CheckSymbolExists.c:
/* */
#include </System/Library/Frameworks/OpenCL.framework/OpenCL/cl.h>

int main(int argc, char** argv)
{
  (void)argv;
#ifndef CL_VERSION_2_0
  return ((int*)(&CL_VERSION_2_0))[argc];
#else
  (void)argc;
  return 0;
#endif
}

Determining if the CL_VERSION_1_2 exist failed with the following output:
Change Dir: /Users/z042690/workspace/compute/CMakeFiles/CMakeTmp

Run Build Command:"/usr/bin/make" "cmTC_cc183/fast"
/Applications/Xcode.app/Contents/Developer/usr/bin/make -f CMakeFiles/cmTC_cc183.dir/build.make CMakeFiles/cmTC_cc183.dir/build
Building C object CMakeFiles/cmTC_cc183.dir/CheckSymbolExists.c.o
/Applications/Xcode.app/Contents/Developer/Toolchains/XcodeDefault.xctoolchain/usr/bin/cc     -o CMakeFiles/cmTC_cc183.dir/CheckSymbolExists.c.o   -c /Users/z042690/workspace/compute/CMakeFiles/CMakeTmp/CheckSymbolExists.c
/Users/z042690/workspace/compute/CMakeFiles/CMakeTmp/CheckSymbolExists.c:2:10: fatal error: '/System/Library/Frameworks/OpenCL.framework/OpenCL/cl.h' file not found
#include </System/Library/Frameworks/OpenCL.framework/OpenCL/cl.h>
         ^
1 error generated.
make[1]: *** [CMakeFiles/cmTC_cc183.dir/CheckSymbolExists.c.o] Error 1
make: *** [cmTC_cc183/fast] Error 2

File /Users/z042690/workspace/compute/CMakeFiles/CMakeTmp/CheckSymbolExists.c:
/* */
#include </System/Library/Frameworks/OpenCL.framework/OpenCL/cl.h>

int main(int argc, char** argv)
{
  (void)argv;
#ifndef CL_VERSION_1_2
  return ((int*)(&CL_VERSION_1_2))[argc];
#else
  (void)argc;
  return 0;
#endif
}

Determining if the CL_VERSION_1_1 exist failed with the following output:
Change Dir: /Users/z042690/workspace/compute/CMakeFiles/CMakeTmp

Run Build Command:"/usr/bin/make" "cmTC_9b5f6/fast"
/Applications/Xcode.app/Contents/Developer/usr/bin/make -f CMakeFiles/cmTC_9b5f6.dir/build.make CMakeFiles/cmTC_9b5f6.dir/build
Building C object CMakeFiles/cmTC_9b5f6.dir/CheckSymbolExists.c.o
/Applications/Xcode.app/Contents/Developer/Toolchains/XcodeDefault.xctoolchain/usr/bin/cc     -o CMakeFiles/cmTC_9b5f6.dir/CheckSymbolExists.c.o   -c /Users/z042690/workspace/compute/CMakeFiles/CMakeTmp/CheckSymbolExists.c
/Users/z042690/workspace/compute/CMakeFiles/CMakeTmp/CheckSymbolExists.c:2:10: fatal error: '/System/Library/Frameworks/OpenCL.framework/OpenCL/cl.h' file not found
#include </System/Library/Frameworks/OpenCL.framework/OpenCL/cl.h>
         ^
1 error generated.
make[1]: *** [CMakeFiles/cmTC_9b5f6.dir/CheckSymbolExists.c.o] Error 1
make: *** [cmTC_9b5f6/fast] Error 2

File /Users/z042690/workspace/compute/CMakeFiles/CMakeTmp/CheckSymbolExists.c:
/* */
#include </System/Library/Frameworks/OpenCL.framework/OpenCL/cl.h>

int main(int argc, char** argv)
{
  (void)argv;
#ifndef CL_VERSION_1_1
  return ((int*)(&CL_VERSION_1_1))[argc];
#else
  (void)argc;
  return 0;
#endif
}

Determining if the CL_VERSION_1_0 exist failed with the following output:
Change Dir: /Users/z042690/workspace/compute/CMakeFiles/CMakeTmp

Run Build Command:"/usr/bin/make" "cmTC_77ede/fast"
/Applications/Xcode.app/Contents/Developer/usr/bin/make -f CMakeFiles/cmTC_77ede.dir/build.make CMakeFiles/cmTC_77ede.dir/build
Building C object CMakeFiles/cmTC_77ede.dir/CheckSymbolExists.c.o
/Applications/Xcode.app/Contents/Developer/Toolchains/XcodeDefault.xctoolchain/usr/bin/cc     -o CMakeFiles/cmTC_77ede.dir/CheckSymbolExists.c.o   -c /Users/z042690/workspace/compute/CMakeFiles/CMakeTmp/CheckSymbolExists.c
/Users/z042690/workspace/compute/CMakeFiles/CMakeTmp/CheckSymbolExists.c:2:10: fatal error: '/System/Library/Frameworks/OpenCL.framework/OpenCL/cl.h' file not found
#include </System/Library/Frameworks/OpenCL.framework/OpenCL/cl.h>
         ^
1 error generated.
make[1]: *** [CMakeFiles/cmTC_77ede.dir/CheckSymbolExists.c.o] Error 1
make: *** [cmTC_77ede/fast] Error 2

File /Users/z042690/workspace/compute/CMakeFiles/CMakeTmp/CheckSymbolExists.c:
/* */
#include </System/Library/Frameworks/OpenCL.framework/OpenCL/cl.h>

int main(int argc, char** argv)
{
  (void)argv;
#ifndef CL_VERSION_1_0
  return ((int*)(&CL_VERSION_1_0))[argc];
#else
  (void)argc;
  return 0;
#endif
}

